<?xml version="1.0" encoding="UTF-8"?>
<!-- Generated by org.testng.reporters.JUnitReportReporter -->
<testsuite skipped="0" hostname="CO-IT006503" name="com.belatrix.test.TestClass1" tests="3" failures="0" timestamp="16 abr 2020 18:33:01 GMT" time="34.706" errors="0">
  <testcase name="test2" time="10.642" classname="com.belatrix.test.TestClass1"/>
  <testcase name="test3" time="10.422" classname="com.belatrix.test.TestClass1"/>
  <testcase name="test1" time="13.642" classname="com.belatrix.test.TestClass1"/>
</testsuite> <!-- com.belatrix.test.TestClass1 -->
