<?xml version="1.0" encoding="UTF-8"?>
<!-- Generated by org.testng.reporters.JUnitReportReporter -->
<testsuite skipped="0" hostname="CO-IT006503" name="com.AutomationTalks.demoProject2.TestClass1" tests="3" failures="0" timestamp="23 abr 2020 01:45:31 GMT" time="106.702" errors="0">
  <testcase name="test3" time="48.469" classname="com.AutomationTalks.demoProject2.TestClass1"/>
  <testcase name="test1" time="29.720" classname="com.AutomationTalks.demoProject2.TestClass1"/>
  <testcase name="test2" time="28.513" classname="com.AutomationTalks.demoProject2.TestClass1"/>
</testsuite> <!-- com.AutomationTalks.demoProject2.TestClass1 -->
