<?xml version="1.0" encoding="UTF-8"?>
<!-- Generated by org.testng.reporters.JUnitReportReporter -->
<testsuite skipped="0" hostname="CO-IT006503" name="com.AutomationTalks.demoProject2.TestClass1" tests="3" failures="0" timestamp="16 abr 2020 18:41:52 GMT" time="29.596" errors="0">
  <testcase name="test2" time="10.009" classname="com.AutomationTalks.demoProject2.TestClass1"/>
  <testcase name="test1" time="10.937" classname="com.AutomationTalks.demoProject2.TestClass1"/>
  <testcase name="test3" time="8.650" classname="com.AutomationTalks.demoProject2.TestClass1"/>
</testsuite> <!-- com.AutomationTalks.demoProject2.TestClass1 -->
